Start testing: Dec 05 21:41 UTC
----------------------------------------------------------
1/1 Testing: tests/crypto/host
1/1 Test: tests/crypto/host
Command: "/home/luongminh97/openenclave/build/tests/crypto/host/hostcrypto"
Directory: /home/luongminh97/openenclave/build/tests/crypto/host
"tests/crypto/host" start time: Dec 05 21:41 UTC
Output:
----------------------------------------------------------
=== begin _test_asn1_parsing()
308201c1301e060a2a864886f84d010d010104101f8c1e7ba6bd107d8424dd35649dcd7230820164060a2a864886f84d010d0102308201543010060b2a864886f84d010d0102010201043010060b2a864886f84d010d0102020201043010060b2a864886f84d010d0102030201023010060b2a864886f84d010d0102040201043010060b2a864886f84d010d0102050201013011060b2a864886f84d010d010206020200803010060b2a864886f84d010d0102070201003010060b2a864886f84d010d0102080201003010060b2a864886f84d010d0102090201003010060b2a864886f84d010d01020a0201003010060b2a864886f84d010d01020b0201003010060b2a864886f84d010d01020c0201003010060b2a864886f84d010d01020d0201003010060b2a864886f84d010d01020e0201003010060b2a864886f84d010d01020f0201003010060b2a864886f84d010d0102100201003010060b2a864886f84d010d010211020105301f060b2a864886f84d010d0102120410040402040180000000000000000000003010060a2a864886f84d010d0103040200003014060a2a864886f84d010d0104040600906ea10000300f060a2a864886f84d010d01050a0100
str=SEQUENCE: length=1c1
    SEQUENCE: length=1e
        OID: 1.2.840.113741.1.13.1.1
        OCTET_STRING:
            length=10
            data=1f8c1e7ba6bd107d8424dd35649dcd72
    SEQUENCE: length=164
        OID: 1.2.840.113741.1.13.1.2
        SEQUENCE: length=154
            SEQUENCE: length=10
                OID: 1.2.840.113741.1.13.1.2.1
                INTEGER: value=4
            SEQUENCE: length=10
                OID: 1.2.840.113741.1.13.1.2.2
                INTEGER: value=4
            SEQUENCE: length=10
                OID: 1.2.840.113741.1.13.1.2.3
                INTEGER: value=2
            SEQUENCE: length=10
                OID: 1.2.840.113741.1.13.1.2.4
                INTEGER: value=4
            SEQUENCE: length=10
                OID: 1.2.840.113741.1.13.1.2.5
                INTEGER: value=1
            SEQUENCE: length=11
                OID: 1.2.840.113741.1.13.1.2.6
                INTEGER: value=128
            SEQUENCE: length=10
                OID: 1.2.840.113741.1.13.1.2.7
                INTEGER: value=0
            SEQUENCE: length=10
                OID: 1.2.840.113741.1.13.1.2.8
                INTEGER: value=0
            SEQUENCE: length=10
                OID: 1.2.840.113741.1.13.1.2.9
                INTEGER: value=0
            SEQUENCE: length=10
                OID: 1.2.840.113741.1.13.1.2.10
                INTEGER: value=0
            SEQUENCE: length=10
                OID: 1.2.840.113741.1.13.1.2.11
                INTEGER: value=0
            SEQUENCE: length=10
                OID: 1.2.840.113741.1.13.1.2.12
                INTEGER: value=0
            SEQUENCE: length=10
                OID: 1.2.840.113741.1.13.1.2.13
                INTEGER: value=0
            SEQUENCE: length=10
                OID: 1.2.840.113741.1.13.1.2.14
                INTEGER: value=0
            SEQUENCE: length=10
                OID: 1.2.840.113741.1.13.1.2.15
                INTEGER: value=0
            SEQUENCE: length=10
                OID: 1.2.840.113741.1.13.1.2.16
                INTEGER: value=0
            SEQUENCE: length=10
                OID: 1.2.840.113741.1.13.1.2.17
                INTEGER: value=5
            SEQUENCE: length=1f
                OID: 1.2.840.113741.1.13.1.2.18
                OCTET_STRING:
                    length=10
                    data=04040204018000000000000000000000
    SEQUENCE: length=10
        OID: 1.2.840.113741.1.13.1.3
        OCTET_STRING:
            length=2
            data=0000
    SEQUENCE: length=14
        OID: 1.2.840.113741.1.13.1.4
        OCTET_STRING:
            length=6
            data=00906ea10000
    SEQUENCE: length=f
        OID: 1.2.840.113741.1.13.1.5
        UNKNOWN:
            tag=0a
            length=1
            data=00

=== passed _test_asn1_parsing()
=== begin _test_verify_without_crl()
=== passed _test_verify_without_crl()
=== begin _test_verify_without_crl()
=== passed _test_verify_without_crl()
=== begin _test_verify_with_crl()
2022-12-05T21:41:35+0000.010864Z [(H)ERROR] tid(0x7f2251589340) | X509_verify_cert failed!
 error: (23) certificate revoked
 (oe_result_t=OE_VERIFY_REVOKED) [/ho[Actual CRL last] Year=2022, Month=12, Day=5, Hour=21, Minute=41, Second=18
[Expected CRL last] Year=2022, Month=12, Day=5, Hour=21, Minute=41, Second=18
[Actual CRL next] Year=2023, Month=12, Day=5, Hour=21, Minute=41, Second=18
[Expected CRL next] Year=2023, Month=12, Day=5, Hour=21, Minute=41, Second=18
me/luongminh97/openenclave/common/crypto/openssl/cert.c:_verify_cert:361]
2022-12-05T21:41:35+0000.010984Z [(H)ERROR] tid(0x7f2251589340) | :OE_VERIFY_REVOKED [/home/luongminh97/openenclave/common/crypto/openssl/cert.c:oe_cert_verify:740]
=== passed _test_verify_with_crl()
=== begin _test_verify_with_two_crls()
2022-12-05T21:41:35+0000.012588Z [(H)ERROR] tid(0x7f2251589340) | X509_verify_cert failed!
 error: (23) certificate revoked
 (oe_result_t=OE_VERIFY_REVOKED) [/home/luongminh97/openenclave/common/crypto/openssl/cert.c:_verify_cert:361]
2022-12-05T21:41:35+0000.012601Z [(H)ERROR] tid(0x7f2251589340) | :OE_VERIFY_REVOKED [/home/luongminh97/openenclave/common/crypto/openssl/cert.c:oe_cert_verify:740]
=== passed _test_verify_with_two_crls()
=== begin _test_verify_with_two_crls()
2022-12-05T21:41:35+0000.014179Z [(H)ERROR] tid(0x7f2251589340) | X509_verify_cert failed!
 error: (23) certificate revoked
 (oe_result_t=OE_VERIFY_REVOKED) [/home/luongminh97/openenclave/common/crypto/openssl/cert.c:_verify_cert:361]
2022-12-05T21:41:35+0000.014191Z [(H)ERROR] tid(0x7f2251589340) | :OE_VERIFY_REVOKED [/home/luongminh97/openenclave/common/crypto/openssl/cert.c:oe_cert_verify:740]
=== passed _test_verify_with_two_crls()
=== begin _test_get_dates()
=== passed _test_get_dates()
=== begin _test_cert_extensions()
=== passed _test_cert_extensions()
=== begin _test_cert_extensions()
2022-12-05T21:41:35+0000.015370Z [(H)ERROR] tid(0x7f2251589340) | :OE_NOT_FOUND [/home/luongminh97/openenclave/common/crypto/openssl/cert.c:oe_cert_find_extension:938]
2022-12-05T21:41:35+0000.015374Z [(H)ERROR] tid(0x7f2251589340) | :OE_NOT_FOUND [/home/luongminh97/openenclave/common/crypto/openssl/cert.c:oe_cert_find_extension:938]
=== passed _test_cert_extensions()
=== begin _test_crl_distribution_points()
URL{https://certificates.trustedservices.intel.com/IntelSGXPCKProcessor.crl}
=== passed _test_crl_distribution_points()
=== begin _test_sign_and_verify()
=== passed _test_sign_and_verify()
=== begin _test_generate_from_private()
2022-12-05T21:41:35+0000.017579Z [(H)ERROR] tid(0x7f2251589340) | :OE_CRYPTO_ERROR [/home/luongminh97/openenclave/common/crypto/openssl/ec.c:oe_ec_generate_key_pair_from_private:462]
2022-12-05T21:41:35+0000.017622Z [(H)ERROR] tid(0x7f2251589340) | :OE_CRYPTO_ERROR [/home/luongminh97/openenclave/common/crypto/openssl/ec.c:oe_ec_generate_key_pair_from_private:462]
=== passed _test_generate_from_private()
=== begin _test_write_private()
=== passed _test_write_private()
=== begin _test_write_public()
=== passed _test_write_public()
=== begin _test_cert_methods()
2022-12-05T21:41:35+0000.021943Z [(H)ERROR] tid(0x7f2251589340) | :OE_OUT_OF_BOUNDS [/home/luongminh97/openenclave/common/crypto/openssl/cert.c:oe_cert_chain_get_cert:894]
2022-12-05T21:41:35+0000.021946Z [(H)ERROR] tid(0x7f2251589340) | :OE_INVALID_PARAMETER [/home/luongminh97/openenclave/common/crypto/openssl/cert.c:oe_cert_free:578]
2022-12-05T21:41:35+0000.023872Z [(H)ERROR] tid(0x7f2251589340) | :OE_INVALID_PARAMETER [/home/luongminh97/openenclave/common/crypto/openssl/key.c:oe_public_key_free:418]
=== passed _test_cert_methods()
=== begin _test_key_from_bytes()()
=== passed _test_key_from_bytes()
=== begin _test_cert_chain_read()
=== passed _test_cert_chain_read()
=== begin _test_cert_methods()
2022-12-05T21:41:35+0000.028053Z [(H)ERROR] tid(0x7f2251589340) | :OE_OUT_OF_BOUNDS [/home/luongminh97/openenclave/common/crypto/openssl/cert.c:oe_cert_chain_get_cert:894]
2022-12-05T21:41:35+0000.028056Z [(H)ERROR] tid(0x7f2251589340) | :OE_INVALID_PARAMETER [/home/luongminh97/openenclave/common/crypto/openssl/cert.c:oe_cert_free:578]
2022-12-05T21:41:35+0000.029101Z [(H)ERROR] tid(0x7f2251589340) | :OE_INVALID_PARAMETER [/home/luongminh97/openenclave/common/crypto/openssl/key.c:oe_public_key_free:418]
=== passed _test_cert_methods()
=== begin _test_pem_cert_verify_good()
=== passed _test_pem_cert_verify_good()
=== begin _test_der_cert_verify_good()
=== passed _test_der_cert_verify_good()
=== begin _test_cert_verify_bad()
2022-12-05T21:41:35+0000.032599Z [(H)ERROR] tid(0x7f2251589340) | X509_verify_cert failed!
 error: (20) unable to get local issuer certificate
 (oe_result_t=OE_VERIFY_FAILED) [/home/luongminh97/openenclave/common/crypto/openssl/cert.c:_verify_cert:361]
2022-12-05T21:41:35+0000.032661Z [(H)ERROR] tid(0x7f2251589340) | :OE_VERIFY_FAILED [/home/luongminh97/openenclave/common/crypto/openssl/cert.c:oe_cert_verify:740]
=== passed _test_cert_verify_bad()
=== begin _test_mixed_chain()
2022-12-05T21:41:35+0000.034658Z [(H)ERROR] tid(0x7f2251589340) | X509_verify_cert failed!
 error: (18) self-signed certificate
 (oe_result_t=OE_VERIFY_FAILED) [/home/luongminh97/openenclave/common/crypto/openssl/cert.c:_verify_cert:361]
2022-12-05T21:41:35+0000.034672Z [(H)ERROR] tid(0x7f2251589340) | :OE_VERIFY_FAILED [/home/luongminh97/openenclave/common/crypto/openssl/cert.c:_verify_whole_chain:450]
2022-12-05T21:41:35+0000.034674Z [(H)ERROR] tid(0x7f2251589340) | :OE_VERIFY_FAILED [/home/luongminh97/openenclave/common/crypto/openssl/cert.c:oe_cert_chain_read_pem:671]
2022-12-05T21:41:35+0000.034689Z [(H)ERROR] tid(0x7f2251589340) | :OE_INVALID_PARAMETER [/home/luongminh97/openenclave/common/crypto/openssl/cert.c:oe_cert_chain_free:694]
=== passed _test_mixed_chain()
=== begin _test_sign()
=== passed _test_sign()
=== begin _test_verify()
=== passed _test_verify()
=== begin _test_write_private()
=== passed _test_write_private()
=== begin _test_write_public()
=== passed _test_write_public()
=== begin _test_random(19)
=== passed _test_random()
=== begin _test_random(1023)
=== passed _test_random()
=== begin _test_random(1024)
=== passed _test_random()
=== begin _test_random(1025)
=== passed _test_random()
=== begin _test_random(2047)
=== passed _test_random()
=== begin _test_random(2048)
=== passed _test_random()
=== begin _test_random(2049)
=== passed _test_random()
=== begin TestCpuEntropy()
=== passed TestCpuEntropy()
=== begin TestHMAC()
=== passed TestHMAC()
=== begin TestKDF()
=== passed TestKDF()
=== begin TestSHA()
=== passed TestSHA()
=== passed all tests (/home/luongminh97/openenclave/build/tests/crypto/host/hostcrypto)
<end of output>
Test time =   0.04 sec
----------------------------------------------------------
Test Passed.
"tests/crypto/host" end time: Dec 05 21:41 UTC
"tests/crypto/host" time elapsed: 00:00:00
----------------------------------------------------------

End testing: Dec 05 21:41 UTC
